[2026-07-03 20:18:37.867] [ENGINE] [info] [thread 25968] Logging system initialized. App: Engine Application
[2026-07-03 20:18:37.867] [ENGINE] [info] [thread 25968] Application 'Engine Application' starting
[2026-07-03 20:18:37.867] [ENGINE] [info] [thread 25968] Engine v0.1.0
Build:    Debug
Compiler: GCC 14.2
Platform: Linux
Built:    Jul  3 2026 19:15:38
[2026-07-03 20:18:37.867] [ENGINE] [info] [thread 25968] Engine v0.1.0
[2026-07-03 20:18:37.867] [ENGINE] [info] [thread 25968] Engine — initializing modules
[2026-07-03 20:18:37.867] [ENGINE] [info] [thread 25968] ModuleManager — all 0 module(s) initialized
[2026-07-03 20:18:37.867] [ENGINE] [info] [thread 25968] Engine — initializing subsystems
[2026-07-03 20:18:37.867] [ENGINE] [info] [thread 25968] SubsystemManager — initializing subsystem 'Nop'
[2026-07-03 20:18:37.867] [ENGINE] [info] [thread 25968] SubsystemManager — subsystem 'Nop' initialized successfully
[2026-07-03 20:18:37.867] [ENGINE] [info] [thread 25968] SubsystemManager — all 1 subsystem(s) initialized
[2026-07-03 20:18:37.867] [ENGINE] [info] [thread 25968] Engine — initialization complete
[2026-07-03 20:18:37.867] [ENGINE] [info] [thread 25968] Application 'Engine Application' initialized
[2026-07-03 20:18:37.867] [ENGINE] [info] [thread 25968] Application — shutting down
[2026-07-03 20:18:37.867] [ENGINE] [info] [thread 25968] Engine — shutting down subsystems
[2026-07-03 20:18:37.867] [ENGINE] [info] [thread 25968] SubsystemManager — shutting down subsystem 'Nop'
[2026-07-03 20:18:37.867] [ENGINE] [info] [thread 25968] SubsystemManager — all subsystems shut down
[2026-07-03 20:18:37.867] [ENGINE] [info] [thread 25968] Engine — shutting down modules
[2026-07-03 20:18:37.867] [ENGINE] [info] [thread 25968] ModuleManager — all modules shut down
[2026-07-03 20:18:37.867] [ENGINE] [info] [thread 25968] Engine — shutdown complete
[2026-07-03 20:18:37.867] [ENGINE] [info] [thread 25968] Application — shutdown complete
[2026-07-03 20:18:37.867] [ENGINE] [info] [thread 25968] Logging system shutting down.
