[2026-07-03 22:42:30.550] [ENGINE] [info] [thread 18471] Logging system initialized. App: Sandbox
[2026-07-03 22:42:30.551] [ENGINE] [info] [thread 18471] Application 'Sandbox' starting
[2026-07-03 22:42:30.551] [ENGINE] [info] [thread 18471] Application — running in headless mode
[2026-07-03 22:42:30.551] [ENGINE] [info] [thread 18471] Engine v0.1.0
Build:    Debug
Compiler: GCC 14.2
Platform: Linux
Built:    Jul  3 2026 22:18:09
[2026-07-03 22:42:30.551] [ENGINE] [info] [thread 18471] Engine v0.1.0
[2026-07-03 22:42:30.551] [ENGINE] [info] [thread 18471] Engine — initializing modules
[2026-07-03 22:42:30.551] [ENGINE] [info] [thread 18471] ModuleManager — all 0 module(s) initialized
[2026-07-03 22:42:30.551] [ENGINE] [info] [thread 18471] Engine — initializing subsystems
[2026-07-03 22:42:30.551] [ENGINE] [info] [thread 18471] SubsystemManager — initializing subsystem 'Demo'
[2026-07-03 22:42:30.551] [ENGINE] [info] [thread 18471] [Demo] Initialize()
[2026-07-03 22:42:30.551] [ENGINE] [info] [thread 18471] SubsystemManager — subsystem 'Demo' initialized successfully
[2026-07-03 22:42:30.551] [ENGINE] [info] [thread 18471] SubsystemManager — all 1 subsystem(s) initialized
[2026-07-03 22:42:30.551] [ENGINE] [info] [thread 18471] Engine — 1 subsystem(s) registered:
[2026-07-03 22:42:30.551] [ENGINE] [info] [thread 18471]   - Demo
[2026-07-03 22:42:30.551] [ENGINE] [info] [thread 18471] Engine — initialization complete
[2026-07-03 22:42:30.551] [ENGINE] [info] [thread 18471] Application 'Sandbox' initialized
[2026-07-03 22:42:30.551] [ENGINE] [info] [thread 18471] Application — entering main loop
[2026-07-03 22:42:30.551] [ENGINE] [info] [thread 18471] Engine — main loop started
[2026-07-03 22:42:32.563] [ENGINE] [info] [thread 18471] [Demo] elapsed 2.013s >= 2.000s — requesting engine stop
[2026-07-03 22:42:32.563] [ENGINE] [info] [thread 18471] Engine — stop requested
[2026-07-03 22:42:32.580] [ENGINE] [info] [thread 18471] Engine — main loop exited (120 frames)
[2026-07-03 22:42:32.580] [ENGINE] [info] [thread 18471] Application — main loop exited with code 0
[2026-07-03 22:42:32.580] [ENGINE] [info] [thread 18471] Application — shutting down
[2026-07-03 22:42:32.580] [ENGINE] [info] [thread 18471] Engine — shutting down subsystems
[2026-07-03 22:42:32.580] [ENGINE] [info] [thread 18471] SubsystemManager — shutting down subsystem 'Demo'
[2026-07-03 22:42:32.580] [ENGINE] [info] [thread 18471] [Demo] Shutdown() — 120 updates, 120 fixed updates
[2026-07-03 22:42:32.580] [ENGINE] [info] [thread 18471] SubsystemManager — all subsystems shut down
[2026-07-03 22:42:32.580] [ENGINE] [info] [thread 18471] Engine — shutting down modules
[2026-07-03 22:42:32.580] [ENGINE] [info] [thread 18471] ModuleManager — all modules shut down
[2026-07-03 22:42:32.580] [ENGINE] [info] [thread 18471] Engine — shutdown complete
[2026-07-03 22:42:32.580] [ENGINE] [info] [thread 18471] Application — shutdown complete
[2026-07-03 22:42:32.580] [ENGINE] [info] [thread 18471] Logging system shutting down.
